-Xajruntimetarget:1.5
-Xlint:ignore
-16
-encoding
UTF-8
-showWeaveInfo
-source
16
-target
16
-verbose
-classpath
/Users/nikita/.m2/repository/jakarta/servlet/jakarta.servlet-api/6.0.0/jakarta.servlet-api-6.0.0.jar:/Users/nikita/.m2/repository/org/projectlombok/lombok/1.18.30/lombok-1.18.30.jar:/Users/nikita/.m2/repository/org/mapstruct/mapstruct/1.5.5.Final/mapstruct-1.5.5.Final.jar:/Users/nikita/.m2/repository/io/jsonwebtoken/jjwt-api/0.11.5/jjwt-api-0.11.5.jar:/Users/nikita/.m2/repository/org/apache/logging/log4j/log4j-slf4j-impl/2.20.0/log4j-slf4j-impl-2.20.0.jar:/Users/nikita/.m2/repository/org/apache/logging/log4j/log4j-api/2.20.0/log4j-api-2.20.0.jar:/Users/nikita/.m2/repository/org/slf4j/slf4j-api/1.7.25/slf4j-api-1.7.25.jar:/Users/nikita/.m2/repository/org/aspectj/aspectjrt/1.9.20.1/aspectjrt-1.9.20.1.jar:/Users/nikita/.m2/repository/org/postgresql/postgresql/42.6.0/postgresql-42.6.0.jar:/Users/nikita/.m2/repository/org/liquibase/liquibase-core/4.24.0/liquibase-core-4.24.0.jar:/Users/nikita/.m2/repository/com/opencsv/opencsv/5.8/opencsv-5.8.jar:/Users/nikita/.m2/repository/org/apache/commons/commons-lang3/3.12.0/commons-lang3-3.12.0.jar:/Users/nikita/.m2/repository/org/apache/commons/commons-text/1.10.0/commons-text-1.10.0.jar:/Users/nikita/.m2/repository/org/apache/commons/commons-collections4/4.4/commons-collections4-4.4.jar:/Users/nikita/.m2/repository/org/yaml/snakeyaml/2.2/snakeyaml-2.2.jar:/Users/nikita/.m2/repository/javax/xml/bind/jaxb-api/2.3.1/jaxb-api-2.3.1.jar:/Users/nikita/.m2/repository/com/fasterxml/jackson/core/jackson-databind/2.15.3/jackson-databind-2.15.3.jar:/Users/nikita/.m2/repository/com/fasterxml/jackson/core/jackson-annotations/2.15.3/jackson-annotations-2.15.3.jar:/Users/nikita/.m2/repository/com/fasterxml/jackson/core/jackson-core/2.15.3/jackson-core-2.15.3.jar:/Users/nikita/.m2/repository/com/fasterxml/jackson/dataformat/jackson-dataformat-xml/2.16.1/jackson-dataformat-xml-2.16.1.jar:/Users/nikita/.m2/repository/org/codehaus/woodstox/stax2-api/4.2.1/stax2-api-4.2.1.jar:/Users/nikita/.m2/repository/com/fasterxml/woodstox/woodstox-core/6.5.1/woodstox-core-6.5.1.jar:/Users/nikita/.m2/repository/com/fasterxml/jackson/datatype/jackson-datatype-jsr310/2.16.1/jackson-datatype-jsr310-2.16.1.jar:/Users/nikita/.m2/repository/io/jsonwebtoken/jjwt-impl/0.11.5/jjwt-impl-0.11.5.jar:/Users/nikita/.m2/repository/io/jsonwebtoken/jjwt-jackson/0.11.5/jjwt-jackson-0.11.5.jar:/Users/nikita/.m2/repository/org/junit/jupiter/junit-jupiter-api/5.10.0/junit-jupiter-api-5.10.0.jar:/Users/nikita/.m2/repository/org/mockito/mockito-core/5.6.0/mockito-core-5.6.0.jar:/Users/nikita/.m2/repository/org/mockito/mockito-junit-jupiter/5.6.0/mockito-junit-jupiter-5.6.0.jar:/Users/nikita/.m2/repository/org/testcontainers/postgresql/1.19.1/postgresql-1.19.1.jar:/Users/nikita/.m2/repository/org/testcontainers/junit-jupiter/1.19.1/junit-jupiter-1.19.1.jar:/Users/nikita/Desktop/projects/Ylab/1/Training-Diary/target/classes
-d
/Users/nikita/Desktop/projects/Ylab/1/Training-Diary/target/classes
-s
/Users/nikita/Desktop/projects/Ylab/1/Training-Diary/target/generated-sources/aspectj-maven-plugin
/Users/nikita/Desktop/projects/Ylab/1/Training-Diary/src/main/java/org/example/in/dto/PuttingRequest.java
/Users/nikita/Desktop/projects/Ylab/1/Training-Diary/src/main/java/org/example/in/dto/ExceptionResponse.java
/Users/nikita/Desktop/projects/Ylab/1/Training-Diary/src/main/java/org/example/in/dto/MonthResponse.java
/Users/nikita/Desktop/projects/Ylab/1/Training-Diary/src/main/java/org/example/in/dto/DateDTO.java
/Users/nikita/Desktop/projects/Ylab/1/Training-Diary/src/main/java/org/example/in/dto/TrainingDTO.java
/Users/nikita/Desktop/projects/Ylab/1/Training-Diary/src/main/java/org/example/in/dto/SuccessResponse.java
/Users/nikita/Desktop/projects/Ylab/1/Training-Diary/src/main/java/org/example/in/dto/ReadingHistoryResponse.java
/Users/nikita/Desktop/projects/Ylab/1/Training-Diary/src/main/java/org/example/in/dto/UserDTO.java
/Users/nikita/Desktop/projects/Ylab/1/Training-Diary/src/main/java/org/example/in/dto/JwtResponse.java
/Users/nikita/Desktop/projects/Ylab/1/Training-Diary/src/main/java/org/example/in/dto/SecurityDTO.java
/Users/nikita/Desktop/projects/Ylab/1/Training-Diary/src/main/java/org/example/in/filters/GlobalFilter.java
/Users/nikita/Desktop/projects/Ylab/1/Training-Diary/src/main/java/org/example/in/security/JwtTokenFilter.java
/Users/nikita/Desktop/projects/Ylab/1/Training-Diary/src/main/java/org/example/in/security/Authentication.java
/Users/nikita/Desktop/projects/Ylab/1/Training-Diary/src/main/java/org/example/in/security/JwtTokenProvider.java
/Users/nikita/Desktop/projects/Ylab/1/Training-Diary/src/main/java/org/example/in/servlets/ApplicationContextListener.java
/Users/nikita/Desktop/projects/Ylab/1/Training-Diary/src/main/java/org/example/in/servlets/RegistrationServlet.java
/Users/nikita/Desktop/projects/Ylab/1/Training-Diary/src/main/java/org/example/in/servlets/LoginServlet.java
/Users/nikita/Desktop/projects/Ylab/1/Training-Diary/src/main/java/org/example/in/servlets/DateServlet.java
/Users/nikita/Desktop/projects/Ylab/1/Training-Diary/src/main/java/org/example/in/servlets/ReadingServlet.java
/Users/nikita/Desktop/projects/Ylab/1/Training-Diary/src/main/java/org/example/in/mappers/TrainingMapper.java
/Users/nikita/Desktop/projects/Ylab/1/Training-Diary/src/main/java/org/example/in/mappers/UserMapper.java
/Users/nikita/Desktop/projects/Ylab/1/Training-Diary/src/main/java/org/example/dao/impl/TrainingTypeDAOImpl.java
/Users/nikita/Desktop/projects/Ylab/1/Training-Diary/src/main/java/org/example/dao/impl/TrainingDAOImpl.java
/Users/nikita/Desktop/projects/Ylab/1/Training-Diary/src/main/java/org/example/dao/impl/ExtraDAOImpl.java
/Users/nikita/Desktop/projects/Ylab/1/Training-Diary/src/main/java/org/example/dao/impl/UserDAOImpl.java
/Users/nikita/Desktop/projects/Ylab/1/Training-Diary/src/main/java/org/example/dao/SecurityDAO.java
/Users/nikita/Desktop/projects/Ylab/1/Training-Diary/src/main/java/org/example/dao/UserDAO.java
/Users/nikita/Desktop/projects/Ylab/1/Training-Diary/src/main/java/org/example/dao/TrainingTypeDAO.java
/Users/nikita/Desktop/projects/Ylab/1/Training-Diary/src/main/java/org/example/dao/TrainingDAO.java
/Users/nikita/Desktop/projects/Ylab/1/Training-Diary/src/main/java/org/example/dao/ExtraDAO.java
/Users/nikita/Desktop/projects/Ylab/1/Training-Diary/src/main/java/org/example/dao/MainDAO.java
/Users/nikita/Desktop/projects/Ylab/1/Training-Diary/src/main/java/org/example/controller/MainController.java
/Users/nikita/Desktop/projects/Ylab/1/Training-Diary/src/main/java/org/example/model/Type.java
/Users/nikita/Desktop/projects/Ylab/1/Training-Diary/src/main/java/org/example/model/User.java
/Users/nikita/Desktop/projects/Ylab/1/Training-Diary/src/main/java/org/example/model/Extra.java
/Users/nikita/Desktop/projects/Ylab/1/Training-Diary/src/main/java/org/example/model/Training.java
/Users/nikita/Desktop/projects/Ylab/1/Training-Diary/src/main/java/org/example/model/enumerates/Role.java
/Users/nikita/Desktop/projects/Ylab/1/Training-Diary/src/main/java/org/example/service/impl/TypeServiceImpl.java
/Users/nikita/Desktop/projects/Ylab/1/Training-Diary/src/main/java/org/example/service/impl/TrainingServiceImpl.java
/Users/nikita/Desktop/projects/Ylab/1/Training-Diary/src/main/java/org/example/service/impl/SecurityServiceImpl.java
/Users/nikita/Desktop/projects/Ylab/1/Training-Diary/src/main/java/org/example/service/impl/UserServiceImpl.java
/Users/nikita/Desktop/projects/Ylab/1/Training-Diary/src/main/java/org/example/service/impl/ExtraServiceImpl.java
/Users/nikita/Desktop/projects/Ylab/1/Training-Diary/src/main/java/org/example/service/UserService.java
/Users/nikita/Desktop/projects/Ylab/1/Training-Diary/src/main/java/org/example/service/ExtraService.java
/Users/nikita/Desktop/projects/Ylab/1/Training-Diary/src/main/java/org/example/service/SecurityService.java
/Users/nikita/Desktop/projects/Ylab/1/Training-Diary/src/main/java/org/example/service/TrainingService.java
/Users/nikita/Desktop/projects/Ylab/1/Training-Diary/src/main/java/org/example/service/TypeService.java
/Users/nikita/Desktop/projects/Ylab/1/Training-Diary/src/main/java/org/example/liquibase/Liquibase.java
/Users/nikita/Desktop/projects/Ylab/1/Training-Diary/src/main/java/org/example/exception/AuthorizeException.java
/Users/nikita/Desktop/projects/Ylab/1/Training-Diary/src/main/java/org/example/exception/AlreadyExistException.java
/Users/nikita/Desktop/projects/Ylab/1/Training-Diary/src/main/java/org/example/exception/NotFoundException.java
/Users/nikita/Desktop/projects/Ylab/1/Training-Diary/src/main/java/org/example/exception/RegisterException.java
/Users/nikita/Desktop/projects/Ylab/1/Training-Diary/src/main/java/org/example/exception/NotValidParameterException.java
/Users/nikita/Desktop/projects/Ylab/1/Training-Diary/src/main/java/org/example/dbconfig/ConnectionManager.java
/Users/nikita/Desktop/projects/Ylab/1/Training-Diary/src/main/java/org/example/dbconfig/Config.java
/Users/nikita/Desktop/projects/Ylab/1/Training-Diary/target/generated-sources/annotations/org/example/in/mappers/TrainingMapperImpl.java
/Users/nikita/Desktop/projects/Ylab/1/Training-Diary/target/generated-sources/annotations/org/example/in/mappers/UserMapperImpl.java
